<?xml version="1.0" encoding="UTF-8"?>
<!-- Generated by org.testng.reporters.JUnitXMLReporter -->
<testsuite ignored="0" hostname="DESKTOP-58CRCHS" failures="1" tests="1" name="Test 1" time="91.936" errors="0" timestamp="2023-08-27T11:20:44 IST">
  <testcase classname="Com.BestBuy.Test.AddItemTest$LinkTest" name="AddItemTestMethods" time="83.746">
    <failure type="java.lang.NullPointerException" message="Cannot invoke &amp;quot;org.openqa.selenium.TakesScreenshot.getScreenshotAs(org.openqa.selenium.OutputType)&amp;quot; because &amp;quot;driver&amp;quot; is null">
      <![CDATA[java.lang.NullPointerException: Cannot invoke "org.openqa.selenium.TakesScreenshot.getScreenshotAs(org.openqa.selenium.OutputType)" because "driver" is null
at Com.BestBuyDriverPackage.BestBuyDriverClass.takeScreenshot(BestBuyDriverClass.java:29)
at BestBuyListeners.BestBuyListeners.onTestSuccess(BestBuyListeners.java:32)
at java.base/java.util.ArrayList.forEach(ArrayList.java:1511)
... Removed 24 stack frames]]>
    </failure>
  </testcase> <!-- AddItemTestMethods -->
</testsuite> <!-- Test 1 -->
